# JRE version: OpenJDK Runtime Environment Temurin-17.0.13+11 (17.0.13+11) (build 17.0.13+11)
# Java VM: OpenJDK 64-Bit Server VM Temurin-17.0.13+11 (17.0.13+11, mixed mode, tiered, compressed oops, compressed class ptrs, parallel gc, windows-amd64)
GC Precious Log:
 CPUs: 12 total, 12 available
 Memory: 16225M
 Large Page Support: Disabled
 NUMA Support: Disabled
 Compressed Oops: Enabled (32-bit)
 Alignments: Space 512K, Generation 512K, Heap 2M
 Heap Min Capacity: 100M
 Heap Initial Capacity: 100M
 Heap Max Capacity: 1G
 Pre-touch: Disabled
 Parallel Workers: 10
Heap:
 PSYoungGen      total 23040K, used 19245K [0x00000000eab00000, 0x00000000ec580000, 0x0000000100000000)
  eden space 22016K, 82% used [0x00000000eab00000,0x00000000ebccb490,0x00000000ec080000)
  from space 1024K, 100% used [0x00000000ec400000,0x00000000ec500000,0x00000000ec500000)
  to   space 512K, 0% used [0x00000000ec500000,0x00000000ec500000,0x00000000ec580000)
 ParOldGen       total 68608K, used 17827K [0x00000000c0000000, 0x00000000c4300000, 0x00000000eab00000)
  object space 68608K, 25% used [0x00000000c0000000,0x00000000c1168fe8,0x00000000c4300000)
 Metaspace       used 49756K, committed 50688K, reserved 1114112K
  class space    used 5353K, committed 5760K, reserved 1048576K
GC Heap History (20 events):
Event: 3.570 GC heap before
{Heap before GC invocations=8 (full 1):
 PSYoungGen      total 27136K, used 26607K [0x00000000eab00000, 0x00000000ecb00000, 0x0000000100000000)
  eden space 25088K, 99% used [0x00000000eab00000,0x00000000ec375640,0x00000000ec380000)
  from space 2048K, 76% used [0x00000000ec900000,0x00000000eca868a8,0x00000000ecb00000)
  to   space 3072K, 0% used [0x00000000ec500000,0x00000000ec500000,0x00000000ec800000)
 ParOldGen       total 68608K, used 10528K [0x00000000c0000000, 0x00000000c4300000, 0x00000000eab00000)
  object space 68608K, 15% used [0x00000000c0000000,0x00000000c0a48168,0x00000000c4300000)
 Metaspace       used 27471K, committed 28160K, reserved 1114112K
  class space    used 2785K, committed 3072K, reserved 1048576K
}
Event: 3.572 GC heap after
{Heap after GC invocations=8 (full 1):
 PSYoungGen      total 27648K, used 3060K [0x00000000eab00000, 0x00000000ecb00000, 0x0000000100000000)
  eden space 24576K, 0% used [0x00000000eab00000,0x00000000eab00000,0x00000000ec300000)
  from space 3072K, 99% used [0x00000000ec500000,0x00000000ec7fd130,0x00000000ec800000)
  to   space 3072K, 0% used [0x00000000ec800000,0x00000000ec800000,0x00000000ecb00000)
 ParOldGen       total 68608K, used 10923K [0x00000000c0000000, 0x00000000c4300000, 0x00000000eab00000)
  object space 68608K, 15% used [0x00000000c0000000,0x00000000c0aaaf38,0x00000000c4300000)
 Metaspace       used 27471K, committed 28160K, reserved 1114112K
  class space    used 2785K, committed 3072K, reserved 1048576K
}
Event: 3.789 GC heap before
{Heap before GC invocations=9 (full 1):
 PSYoungGen      total 27648K, used 27636K [0x00000000eab00000, 0x00000000ecb00000, 0x0000000100000000)
  eden space 24576K, 100% used [0x00000000eab00000,0x00000000ec300000,0x00000000ec300000)
  from space 3072K, 99% used [0x00000000ec500000,0x00000000ec7fd130,0x00000000ec800000)
  to   space 3072K, 0% used [0x00000000ec800000,0x00000000ec800000,0x00000000ecb00000)
 ParOldGen       total 68608K, used 10923K [0x00000000c0000000, 0x00000000c4300000, 0x00000000eab00000)
  object space 68608K, 15% used [0x00000000c0000000,0x00000000c0aaaf38,0x00000000c4300000)
 Metaspace       used 30077K, committed 30720K, reserved 1114112K
  class space    used 2958K, committed 3200K, reserved 1048576K
}
Event: 3.790 GC heap after
{Heap after GC invocations=9 (full 1):
 PSYoungGen      total 27136K, used 2912K [0x00000000eab00000, 0x00000000ecb00000, 0x0000000100000000)
  eden space 24064K, 0% used [0x00000000eab00000,0x00000000eab00000,0x00000000ec280000)
  from space 3072K, 94% used [0x00000000ec800000,0x00000000ecad8120,0x00000000ecb00000)
  to   space 3584K, 0% used [0x00000000ec400000,0x00000000ec400000,0x00000000ec780000)
 ParOldGen       total 68608K, used 10931K [0x00000000c0000000, 0x00000000c4300000, 0x00000000eab00000)
  object space 68608K, 15% used [0x00000000c0000000,0x00000000c0aacf38,0x00000000c4300000)
 Metaspace       used 30077K, committed 30720K, reserved 1114112K
  class space    used 2958K, committed 3200K, reserved 1048576K
}
Event: 3.995 GC heap before
{Heap before GC invocations=10 (full 1):
 PSYoungGen      total 27136K, used 26976K [0x00000000eab00000, 0x00000000ecb00000, 0x0000000100000000)
  eden space 24064K, 100% used [0x00000000eab00000,0x00000000ec280000,0x00000000ec280000)
  from space 3072K, 94% used [0x00000000ec800000,0x00000000ecad8120,0x00000000ecb00000)
  to   space 3584K, 0% used [0x00000000ec400000,0x00000000ec400000,0x00000000ec780000)
 ParOldGen       total 68608K, used 10931K [0x00000000c0000000, 0x00000000c4300000, 0x00000000eab00000)
  object space 68608K, 15% used [0x00000000c0000000,0x00000000c0aacf38,0x00000000c4300000)
 Metaspace       used 31907K, committed 32512K, reserved 1114112K
  class space    used 3096K, committed 3328K, reserved 1048576K
}
Event: 3.997 GC heap after
{Heap after GC invocations=10 (full 1):
 PSYoungGen      total 27136K, used 3339K [0x00000000eab00000, 0x00000000ec900000, 0x0000000100000000)
  eden space 23552K, 0% used [0x00000000eab00000,0x00000000eab00000,0x00000000ec200000)
  from space 3584K, 93% used [0x00000000ec400000,0x00000000ec742e08,0x00000000ec780000)
  to   space 1536K, 0% used [0x00000000ec780000,0x00000000ec780000,0x00000000ec900000)
 ParOldGen       total 68608K, used 12176K [0x00000000c0000000, 0x00000000c4300000, 0x00000000eab00000)
  object space 68608K, 17% used [0x00000000c0000000,0x00000000c0be4110,0x00000000c4300000)
 Metaspace       used 31907K, committed 32512K, reserved 1114112K
  class space    used 3096K, committed 3328K, reserved 1048576K
}
Event: 4.493 GC heap before
{Heap before GC invocations=11 (full 1):
 PSYoungGen      total 27136K, used 24306K [0x00000000eab00000, 0x00000000ec900000, 0x0000000100000000)
  eden space 23552K, 89% used [0x00000000eab00000,0x00000000ebf79df0,0x00000000ec200000)
  from space 3584K, 93% used [0x00000000ec400000,0x00000000ec742e08,0x00000000ec780000)
  to   space 1536K, 0% used [0x00000000ec780000,0x00000000ec780000,0x00000000ec900000)
 ParOldGen       total 68608K, used 12176K [0x00000000c0000000, 0x00000000c4300000, 0x00000000eab00000)
  object space 68608K, 17% used [0x00000000c0000000,0x00000000c0be4110,0x00000000c4300000)
 Metaspace       used 35132K, committed 35840K, reserved 1114112K
  class space    used 3427K, committed 3712K, reserved 1048576K
}
Event: 4.495 GC heap after
{Heap after GC invocations=11 (full 1):
 PSYoungGen      total 25088K, used 1509K [0x00000000eab00000, 0x00000000ecb00000, 0x0000000100000000)
  eden space 23552K, 0% used [0x00000000eab00000,0x00000000eab00000,0x00000000ec200000)
  from space 1536K, 98% used [0x00000000ec780000,0x00000000ec8f97e0,0x00000000ec900000)
  to   space 4608K, 0% used [0x00000000ec200000,0x00000000ec200000,0x00000000ec680000)
 ParOldGen       total 68608K, used 14999K [0x00000000c0000000, 0x00000000c4300000, 0x00000000eab00000)
  object space 68608K, 21% used [0x00000000c0000000,0x00000000c0ea5e20,0x00000000c4300000)
 Metaspace       used 35132K, committed 35840K, reserved 1114112K
  class space    used 3427K, committed 3712K, reserved 1048576K
}
Event: 4.495 GC heap before
{Heap before GC invocations=12 (full 2):
 PSYoungGen      total 25088K, used 1509K [0x00000000eab00000, 0x00000000ecb00000, 0x0000000100000000)
  eden space 23552K, 0% used [0x00000000eab00000,0x00000000eab00000,0x00000000ec200000)
  from space 1536K, 98% used [0x00000000ec780000,0x00000000ec8f97e0,0x00000000ec900000)
  to   space 4608K, 0% used [0x00000000ec200000,0x00000000ec200000,0x00000000ec680000)
 ParOldGen       total 68608K, used 14999K [0x00000000c0000000, 0x00000000c4300000, 0x00000000eab00000)
  object space 68608K, 21% used [0x00000000c0000000,0x00000000c0ea5e20,0x00000000c4300000)
 Metaspace       used 35132K, committed 35840K, reserved 1114112K
  class space    used 3427K, committed 3712K, reserved 1048576K
}
Event: 4.515 GC heap after
{Heap after GC invocations=12 (full 2):
 PSYoungGen      total 25088K, used 0K [0x00000000eab00000, 0x00000000ecb00000, 0x0000000100000000)
  eden space 23552K, 0% used [0x00000000eab00000,0x00000000eab00000,0x00000000ec200000)
  from space 1536K, 0% used [0x00000000ec780000,0x00000000ec780000,0x00000000ec900000)
  to   space 4608K, 0% used [0x00000000ec200000,0x00000000ec200000,0x00000000ec680000)
 ParOldGen       total 68608K, used 14910K [0x00000000c0000000, 0x00000000c4300000, 0x00000000eab00000)
  object space 68608K, 21% used [0x00000000c0000000,0x00000000c0e8faa0,0x00000000c4300000)
 Metaspace       used 35119K, committed 35840K, reserved 1114112K
  class space    used 3424K, committed 3712K, reserved 1048576K
}
Event: 4.640 GC heap before
{Heap before GC invocations=13 (full 2):
 PSYoungGen      total 25088K, used 23552K [0x00000000eab00000, 0x00000000ecb00000, 0x0000000100000000)
  eden space 23552K, 100% used [0x00000000eab00000,0x00000000ec200000,0x00000000ec200000)
  from space 1536K, 0% used [0x00000000ec780000,0x00000000ec780000,0x00000000ec900000)
  to   space 4608K, 0% used [0x00000000ec200000,0x00000000ec200000,0x00000000ec680000)
 ParOldGen       total 68608K, used 14910K [0x00000000c0000000, 0x00000000c4300000, 0x00000000eab00000)
  object space 68608K, 21% used [0x00000000c0000000,0x00000000c0e8faa0,0x00000000c4300000)
 Metaspace       used 38416K, committed 39296K, reserved 1114112K
  class space    used 3827K, committed 4160K, reserved 1048576K
}
Event: 4.642 GC heap after
{Heap after GC invocations=13 (full 2):
 PSYoungGen      total 24576K, used 1081K [0x00000000eab00000, 0x00000000ec800000, 0x0000000100000000)
  eden space 23040K, 0% used [0x00000000eab00000,0x00000000eab00000,0x00000000ec180000)
  from space 1536K, 70% used [0x00000000ec200000,0x00000000ec30e560,0x00000000ec380000)
  to   space 2560K, 0% used [0x00000000ec580000,0x00000000ec580000,0x00000000ec800000)
 ParOldGen       total 68608K, used 14918K [0x00000000c0000000, 0x00000000c4300000, 0x00000000eab00000)
  object space 68608K, 21% used [0x00000000c0000000,0x00000000c0e91aa0,0x00000000c4300000)
 Metaspace       used 38416K, committed 39296K, reserved 1114112K
  class space    used 3827K, committed 4160K, reserved 1048576K
}
Event: 4.820 GC heap before
{Heap before GC invocations=14 (full 2):
 PSYoungGen      total 24576K, used 24121K [0x00000000eab00000, 0x00000000ec800000, 0x0000000100000000)
  eden space 23040K, 100% used [0x00000000eab00000,0x00000000ec180000,0x00000000ec180000)
  from space 1536K, 70% used [0x00000000ec200000,0x00000000ec30e560,0x00000000ec380000)
  to   space 2560K, 0% used [0x00000000ec580000,0x00000000ec580000,0x00000000ec800000)
 ParOldGen       total 68608K, used 14918K [0x00000000c0000000, 0x00000000c4300000, 0x00000000eab00000)
  object space 68608K, 21% used [0x00000000c0000000,0x00000000c0e91aa0,0x00000000c4300000)
 Metaspace       used 40952K, committed 41920K, reserved 1114112K
  class space    used 4202K, committed 4608K, reserved 1048576K
}
Event: 4.823 GC heap after
{Heap after GC invocations=14 (full 2):
 PSYoungGen      total 23552K, used 909K [0x00000000eab00000, 0x00000000ec680000, 0x0000000100000000)
  eden space 22528K, 0% used [0x00000000eab00000,0x00000000eab00000,0x00000000ec100000)
  from space 1024K, 88% used [0x00000000ec580000,0x00000000ec663668,0x00000000ec680000)
  to   space 1536K, 0% used [0x00000000ec380000,0x00000000ec380000,0x00000000ec500000)
 ParOldGen       total 68608K, used 15771K [0x00000000c0000000, 0x00000000c4300000, 0x00000000eab00000)
  object space 68608K, 22% used [0x00000000c0000000,0x00000000c0f66fe8,0x00000000c4300000)
 Metaspace       used 40952K, committed 41920K, reserved 1114112K
  class space    used 4202K, committed 4608K, reserved 1048576K
}
Event: 4.967 GC heap before
{Heap before GC invocations=15 (full 2):
 PSYoungGen      total 23552K, used 23437K [0x00000000eab00000, 0x00000000ec680000, 0x0000000100000000)
  eden space 22528K, 100% used [0x00000000eab00000,0x00000000ec100000,0x00000000ec100000)
  from space 1024K, 88% used [0x00000000ec580000,0x00000000ec663668,0x00000000ec680000)
  to   space 1536K, 0% used [0x00000000ec380000,0x00000000ec380000,0x00000000ec500000)
 ParOldGen       total 68608K, used 15771K [0x00000000c0000000, 0x00000000c4300000, 0x00000000eab00000)
  object space 68608K, 22% used [0x00000000c0000000,0x00000000c0f66fe8,0x00000000c4300000)
 Metaspace       used 42723K, committed 43648K, reserved 1114112K
  class space    used 4431K, committed 4800K, reserved 1048576K
}
Event: 4.968 GC heap after
{Heap after GC invocations=15 (full 2):
 PSYoungGen      total 23552K, used 736K [0x00000000eab00000, 0x00000000ec600000, 0x0000000100000000)
  eden space 22016K, 0% used [0x00000000eab00000,0x00000000eab00000,0x00000000ec080000)
  from space 1536K, 47% used [0x00000000ec380000,0x00000000ec438000,0x00000000ec500000)
  to   space 1024K, 0% used [0x00000000ec500000,0x00000000ec500000,0x00000000ec600000)
 ParOldGen       total 68608K, used 16363K [0x00000000c0000000, 0x00000000c4300000, 0x00000000eab00000)
  object space 68608K, 23% used [0x00000000c0000000,0x00000000c0ffafe8,0x00000000c4300000)
 Metaspace       used 42723K, committed 43648K, reserved 1114112K
  class space    used 4431K, committed 4800K, reserved 1048576K
}
Event: 5.218 GC heap before
{Heap before GC invocations=16 (full 2):
 PSYoungGen      total 23552K, used 22752K [0x00000000eab00000, 0x00000000ec600000, 0x0000000100000000)
  eden space 22016K, 100% used [0x00000000eab00000,0x00000000ec080000,0x00000000ec080000)
  from space 1536K, 47% used [0x00000000ec380000,0x00000000ec438000,0x00000000ec500000)
  to   space 1024K, 0% used [0x00000000ec500000,0x00000000ec500000,0x00000000ec600000)
 ParOldGen       total 68608K, used 16363K [0x00000000c0000000, 0x00000000c4300000, 0x00000000eab00000)
  object space 68608K, 23% used [0x00000000c0000000,0x00000000c0ffafe8,0x00000000c4300000)
 Metaspace       used 44879K, committed 45824K, reserved 1114112K
  class space    used 4718K, committed 5120K, reserved 1048576K
}
Event: 5.219 GC heap after
{Heap after GC invocations=16 (full 2):
 PSYoungGen      total 23040K, used 832K [0x00000000eab00000, 0x00000000ec600000, 0x0000000100000000)
  eden space 22016K, 0% used [0x00000000eab00000,0x00000000eab00000,0x00000000ec080000)
  from space 1024K, 81% used [0x00000000ec500000,0x00000000ec5d0000,0x00000000ec600000)
  to   space 1024K, 0% used [0x00000000ec400000,0x00000000ec400000,0x00000000ec500000)
 ParOldGen       total 68608K, used 16923K [0x00000000c0000000, 0x00000000c4300000, 0x00000000eab00000)
  object space 68608K, 24% used [0x00000000c0000000,0x00000000c1086fe8,0x00000000c4300000)
 Metaspace       used 44879K, committed 45824K, reserved 1114112K
  class space    used 4718K, committed 5120K, reserved 1048576K
}
Event: 5.467 GC heap before
{Heap before GC invocations=17 (full 2):
 PSYoungGen      total 23040K, used 22848K [0x00000000eab00000, 0x00000000ec600000, 0x0000000100000000)
  eden space 22016K, 100% used [0x00000000eab00000,0x00000000ec080000,0x00000000ec080000)
  from space 1024K, 81% used [0x00000000ec500000,0x00000000ec5d0000,0x00000000ec600000)
  to   space 1024K, 0% used [0x00000000ec400000,0x00000000ec400000,0x00000000ec500000)
 ParOldGen       total 68608K, used 16923K [0x00000000c0000000, 0x00000000c4300000, 0x00000000eab00000)
  object space 68608K, 24% used [0x00000000c0000000,0x00000000c1086fe8,0x00000000c4300000)
 Metaspace       used 47579K, committed 48512K, reserved 1114112K
  class space    used 5057K, committed 5440K, reserved 1048576K
}
Event: 5.468 GC heap after
{Heap after GC invocations=17 (full 2):
 PSYoungGen      total 23040K, used 1024K [0x00000000eab00000, 0x00000000ec580000, 0x0000000100000000)
  eden space 22016K, 0% used [0x00000000eab00000,0x00000000eab00000,0x00000000ec080000)
  from space 1024K, 100% used [0x00000000ec400000,0x00000000ec500000,0x00000000ec500000)
  to   space 512K, 0% used [0x00000000ec500000,0x00000000ec500000,0x00000000ec580000)
 ParOldGen       total 68608K, used 17827K [0x00000000c0000000, 0x00000000c4300000, 0x00000000eab00000)
  object space 68608K, 25% used [0x00000000c0000000,0x00000000c1168fe8,0x00000000c4300000)
 Metaspace       used 47579K, committed 48512K, reserved 1114112K
  class space    used 5057K, committed 5440K, reserved 1048576K
}

